-------------------------------------------------------------------------------
Test set: Wikipedia search functionality and verification
-------------------------------------------------------------------------------
Tests run: 9, Failures: 0, Errors: 9, Skipped: 0, Time elapsed: 24.559 s <<< FAILURE! - in Wikipedia search functionality and verification
Wikipedia search functionality and verification.Wikipedia Search Functionality Title Verification #1  Time elapsed: 2.758 s  <<< ERROR!
io.cucumber.junit.UndefinedStepException: 
The step 'types "Bill Gates" in the wiki search box' is undefined.
You can implement this step using the snippet(s) below:

@When("types {string} in the wiki search box")
public void types_in_the_wiki_search_box(String string) {
    // Write code here that turns the phrase above into concrete actions
    throw new io.cucumber.java.PendingException();
}


Wikipedia search functionality and verification.Wikipedia Search Functionality Header Verification  Time elapsed: 2.642 s  <<< ERROR!
io.cucumber.junit.UndefinedStepException: 
The step 'types "Steve Jobs" in the wiki search box' is undefined.
You can implement this step using the snippet(s) below:

@When("types {string} in the wiki search box")
public void types_in_the_wiki_search_box(String string) {
    // Write code here that turns the phrase above into concrete actions
    throw new io.cucumber.java.PendingException();
}


Wikipedia search functionality and verification.Wikipedia Search Functionality Title Verification #2  Time elapsed: 2.676 s  <<< ERROR!
io.cucumber.junit.UndefinedStepException: 
The step 'types "Cristiano Ronaldo" in the wiki search box' is undefined.
You can implement this step using the snippet(s) below:

@When("types {string} in the wiki search box")
public void types_in_the_wiki_search_box(String string) {
    // Write code here that turns the phrase above into concrete actions
    throw new io.cucumber.java.PendingException();
}


Wikipedia search functionality and verification.Wikipedia Search Functionality Title Verification #3  Time elapsed: 2.485 s  <<< ERROR!
io.cucumber.junit.UndefinedStepException: 
The step 'types "Oktay Sinanoglu" in the wiki search box' is undefined.
You can implement this step using the snippet(s) below:

@When("types {string} in the wiki search box")
public void types_in_the_wiki_search_box(String string) {
    // Write code here that turns the phrase above into concrete actions
    throw new io.cucumber.java.PendingException();
}


Wikipedia search functionality and verification.Wikipedia Search Functionality Title Verification #4  Time elapsed: 2.749 s  <<< ERROR!
io.cucumber.junit.UndefinedStepException: 
The step 'types "Bob Marley" in the wiki search box' is undefined.
You can implement this step using the snippet(s) below:

@When("types {string} in the wiki search box")
public void types_in_the_wiki_search_box(String string) {
    // Write code here that turns the phrase above into concrete actions
    throw new io.cucumber.java.PendingException();
}


Wikipedia search functionality and verification.Wikipedia Search Functionality Title Verification #5  Time elapsed: 2.868 s  <<< ERROR!
io.cucumber.junit.UndefinedStepException: 
The step 'types "Madonna" in the wiki search box' is undefined.
You can implement this step using the snippet(s) below:

@When("types {string} in the wiki search box")
public void types_in_the_wiki_search_box(String string) {
    // Write code here that turns the phrase above into concrete actions
    throw new io.cucumber.java.PendingException();
}


Wikipedia search functionality and verification.Wikipedia Search Functionality Title Verification #6  Time elapsed: 2.636 s  <<< ERROR!
io.cucumber.junit.UndefinedStepException: 
The step 'types "Sabiha Gokcen" in the wiki search box' is undefined.
You can implement this step using the snippet(s) below:

@When("types {string} in the wiki search box")
public void types_in_the_wiki_search_box(String string) {
    // Write code here that turns the phrase above into concrete actions
    throw new io.cucumber.java.PendingException();
}


Wikipedia search functionality and verification.Wikipedia Search Functionality Title Verification #7  Time elapsed: 2.795 s  <<< ERROR!
io.cucumber.junit.UndefinedStepException: 
The step 'types "Kate Winslet" in the wiki search box' is undefined.
You can implement this step using the snippet(s) below:

@When("types {string} in the wiki search box")
public void types_in_the_wiki_search_box(String string) {
    // Write code here that turns the phrase above into concrete actions
    throw new io.cucumber.java.PendingException();
}


Wikipedia search functionality and verification.Wikipedia Search Functionality Title Verification #8  Time elapsed: 2.948 s  <<< ERROR!
io.cucumber.junit.UndefinedStepException: 
The step 'types "Mustafa Kemal Ataturk" in the wiki search box' is undefined.
You can implement this step using the snippet(s) below:

@When("types {string} in the wiki search box")
public void types_in_the_wiki_search_box(String string) {
    // Write code here that turns the phrase above into concrete actions
    throw new io.cucumber.java.PendingException();
}


